<?xml version="1.0" encoding="UTF-8"?>
<!-- Generated by org.testng.reporters.JUnitReportReporter -->
<testsuite skipped="0" hostname="MDs-MBP-3.home" name="com.hanes.qa.testclasses.HomePageTest" tests="5" failures="0" timestamp="15 May 2018 17:35:48 GMT" time="35.482" errors="0">
  <testcase name="handleFrame" time="8.048" classname="com.hanes.qa.testclasses.HomePageTest"/>
  <testcase name="verifyTitleTest" time="6.681" classname="com.hanes.qa.testclasses.HomePageTest"/>
  <testcase name="verifyLogoTest" time="6.432" classname="com.hanes.qa.testclasses.HomePageTest"/>
  <testcase name="menPageTest" time="7.398" classname="com.hanes.qa.testclasses.HomePageTest"/>
  <testcase name="womenPageTest" time="6.923" classname="com.hanes.qa.testclasses.HomePageTest"/>
</testsuite> <!-- com.hanes.qa.testclasses.HomePageTest -->
